<?xml version="1.0" encoding="UTF-8"?>
<testsuite xmlns:xsi="http://www.w3.org/2001/XMLSchema-instance" xsi:noNamespaceSchemaLocation="https://maven.apache.org/surefire/maven-surefire-plugin/xsd/surefire-test-report-3.0.xsd" version="3.0" name="CalculadoraTest" time="0.234" tests="3" errors="0" skipped="0" failures="0">
  <properties>
[...]
</properties>
  <testcase name="testResta" classname="CalculadoraTest" time="0.004">
    <system-out><![CDATA[-------------------------------------------------------------------------------------|
-------------------------------------------------------------------------------------|
   ____  _____  _________  _________  ______        _     _________     _       
  |_   \|_   _||  _   _  ||  _   _  ||_   _ `.     / \   |  _   _  |   / \      
    |   \ | |  |_/ | | \_||_/ | | \_|  | | `. \   / _ \  |_/ | | \_|  / _ \     
    | |\ \| |      | |        | |      | |  | |  / ___ \     | |     / ___ \    
   _| | \   |_    _| |_      _| |_    _| |_.' /_/ /   \ \_  _| |_  _/ /   \ \_  
  |_____\____|  |_____|    |_____|  |______.'|____| |____||_____||____| |____|
-------------------------------------------------------------------------------------|
-------------------------------------------------------------------------------------|

Ejecutando test Resta
]]></system-out>
  </testcase>
  <testcase name="testSuma" classname="CalculadoraTest" time="0.003">
    <system-out><![CDATA[Ejecutando test Suma
]]></system-out>
  </testcase>
  <testcase name="testMultiplicacion" classname="CalculadoraTest" time="0.004">
    <system-out><![CDATA[Ejecutando test Multiplicacion
]]></system-out>
  </testcase>
</testsuite>