<?xml version="1.0" encoding="UTF-8"?>
<testsuite xmlns:xsi="http://www.w3.org/2001/XMLSchema-instance" xsi:noNamespaceSchemaLocation="https://maven.apache.org/surefire/maven-surefire-plugin/xsd/surefire-test-report-3.0.xsd" version="3.0" name="CalculadoraTest" time="0.12" tests="2" errors="0" skipped="0" failures="0">
  <properties>
[...]
</properties>
  <testcase name="testResta" classname="CalculadoraTest" time="0.016">
    <system-out><![CDATA[Ejecutando test Resta
]]></system-out>
  </testcase>
  <testcase name="testSuma" classname="CalculadoraTest" time="0.002">
    <system-out><![CDATA[Ejecutando test Suma
]]></system-out>
  </testcase>
</testsuite>